==============================================================================

                  ------ MOMENTUM STATISTICS (MW mode) ------

              Momentum MomEngine 7.0 (*) 2008.200 Nov  3 2007
                           Fri Dec 18 23:11:10 2009

==============================================================================


------------------------------------------------------------------------------
MESH
------------------------------------------------------------------------------

STATISTICS
----------
 Rectangular cells :    239
 Triangular cells  :    157
 Via cells         :      0
 Edge currents     :    595

RESOURCES
---------
 Process size :     2.33 MB
 User Time    :    0h 0m 0s
 Elapsed Time :    0h 0m 1s

==============================================================================

==============================================================================

                  ------ MOMENTUM STATISTICS (MW mode) ------

              Momentum MomEngine 7.0 (*) 2008.200 Nov  3 2007
                           Fri Dec 18 23:11:11 2009

==============================================================================


------------------------------------------------------------------------------
SOLVER                        USER TIME      ELAPSED TIME      MEMORY         
PROCESSES                      (h:m:s)          (h:m:s)         (MB)          
------------------------------------------------------------------------------

SIMULATION SET-UP
-----------------
 Initialization           |     0: 0: 0   |     0: 0: 0   |      1.54   
 Ports analysis           |     0: 0: 0   |     0: 0: 0   |      0.07   
 Mesh processing          |     0: 0: 0   |     0: 0: 0   |      5.39   

 Matrix size : 2280
 Reduced matrix size : 1430
 Estimated process size : 37.87 MB

1. SIMULATION FREQUENCY = 2.2 GHz 
-------------------------
 Green functions          |     0: 0: 6   |     0: 0: 7   |     22.68   
 Basis creation           |     0: 0: 0   |     0: 0: 0   |      4.24   
 Matrix load              |     0: 2:31   |     0: 1:17   |     46.05   
 Matrix solve             |     0: 0: 4   |     0: 0: 3   |      0.00   
 Port calibration         |     0: 0: 1   |     0: 0: 1   |      0.58   
 S parameters             |     0: 0: 0   |     0: 0: 0   |      0.00   

2. SIMULATION FREQUENCY = 2.8 GHz 
-------------------------
 Green functions          |     0: 0: 5   |     0: 0: 6   |      0.00   
 Matrix load              |     0: 2:32   |     0: 1:17   |      0.70   
 Matrix solve             |     0: 0: 4   |     0: 0: 3   |      0.00   
 Port calibration         |     0: 0: 1   |     0: 0: 1   |      0.03   
 S parameters             |     0: 0: 0   |     0: 0: 1   |      0.00   
 Adaptive sampling        |     0: 0: 0   |     0: 0: 0   |      0.00   

3. SIMULATION FREQUENCY = 2.6 GHz 
-------------------------
 Green functions          |     0: 0: 6   |     0: 0: 5   |      0.00   
 Matrix load              |     0: 2:31   |     0: 1:17   |      0.13   
 Matrix solve             |     0: 0: 4   |     0: 0: 4   |      0.00   
 Port calibration         |     0: 0: 1   |     0: 0: 0   |      0.02   
 S parameters             |     0: 0: 0   |     0: 0: 1   |      0.00   
 Adaptive sampling        |     0: 0: 0   |     0: 0: 0   |      0.00   

4. SIMULATION FREQUENCY = 2.4 GHz 
-------------------------
 Green functions          |     0: 0: 6   |     0: 0: 6   |      0.00   
 Matrix load              |     0: 2:31   |     0: 1:16   |      0.09   
 Matrix solve             |     0: 0: 4   |     0: 0: 4   |      0.00   
 Port calibration         |     0: 0: 1   |     0: 0: 0   |      0.01   
 S parameters             |     0: 0: 0   |     0: 0: 1   |      0.00   
 Adaptive sampling        |     0: 0: 0   |     0: 0: 0   |      0.00   

5. SIMULATION FREQUENCY = 2.3 GHz 
-------------------------
 Green functions          |     0: 0: 6   |     0: 0: 6   |      0.00   
 Matrix load              |     0: 2:31   |     0: 1:17   |      0.16   
 Matrix solve             |     0: 0: 4   |     0: 0: 3   |      0.00   
 Port calibration         |     0: 0: 1   |     0: 0: 1   |      0.00   
 S parameters             |     0: 0: 0   |     0: 0: 1   |      0.00   
 Adaptive sampling        |     0: 0: 0   |     0: 0: 0   |      0.00   

6. SIMULATION FREQUENCY = 2.35 GHz 
-------------------------
 Green functions          |     0: 0: 6   |     0: 0: 6   |      0.00   
 Matrix load              |     0: 2:31   |     0: 1:16   |      0.06   
 Matrix solve             |     0: 0: 4   |     0: 0: 4   |      0.00   
 Port calibration         |     0: 0: 1   |     0: 0: 0   |      0.04   
 S parameters             |     0: 0: 0   |     0: 0: 1   |      0.00   
 Adaptive sampling        |     0: 0: 0   |     0: 0: 0   |      0.00   

7. SIMULATION FREQUENCY = 2.7 GHz 
-------------------------
 Green functions          |     0: 0: 6   |     0: 0: 6   |      0.00   
 Matrix load              |     0: 2:32   |     0: 1:17   |      0.10   
 Matrix solve             |     0: 0: 3   |     0: 0: 3   |      0.00   
 Port calibration         |     0: 0: 1   |     0: 0: 1   |      0.00   
 S parameters             |     0: 0: 0   |     0: 0: 1   |      0.00   
 Adaptive sampling        |     0: 0: 0   |     0: 0: 0   |      0.00   

8. SIMULATION FREQUENCY = 2.65 GHz 
-------------------------
 Green functions          |     0: 0: 6   |     0: 0: 6   |      0.00   
 Matrix load              |     0: 2:32   |     0: 1:17   |      0.06   
 Matrix solve             |     0: 0: 3   |     0: 0: 3   |      0.00   
 Port calibration         |     0: 0: 1   |     0: 0: 1   |      0.01   
 S parameters             |     0: 0: 0   |     0: 0: 0   |      0.00   
 Adaptive sampling        |     0: 0: 0   |     0: 0: 1   |      0.00   

9. SIMULATION FREQUENCY = 2.68333 GHz 
-------------------------
 Green functions          |     0: 0: 6   |     0: 0: 5   |      0.00   
 Matrix load              |     0: 2:32   |     0: 1:17   |      0.09   
 Matrix solve             |     0: 0: 3   |     0: 0: 3   |      0.00   
 Port calibration         |     0: 0: 1   |     0: 0: 1   |      0.04   
 S parameters             |     0: 0: 0   |     0: 0: 1   |      0.00   
 Adaptive sampling        |     0: 0: 0   |     0: 0: 0   |      0.00   

10. SIMULATION FREQUENCY = 2.46667 GHz 
-------------------------
 Green functions          |     0: 0: 6   |     0: 0: 6   |      0.00   
 Matrix load              |     0: 2:32   |     0: 1:17   |      0.08   
 Matrix solve             |     0: 0: 3   |     0: 0: 3   |      0.00   
 Port calibration         |     0: 0: 1   |     0: 0: 1   |      0.00   
 S parameters             |     0: 0: 0   |     0: 0: 1   |      0.00   
 Adaptive sampling        |     0: 0: 0   |     0: 0: 0   |      0.00   

11. SIMULATION FREQUENCY = 2.53333 GHz 
-------------------------
 Green functions          |     0: 0: 6   |     0: 0: 6   |      0.00   
 Matrix load              |     0: 2:31   |     0: 1:17   |      0.08   
 Matrix solve             |     0: 0: 4   |     0: 0: 3   |      0.00   
 Port calibration         |     0: 0: 1   |     0: 0: 1   |      0.02   
 S parameters             |     0: 0: 0   |     0: 0: 1   |      0.00   
 Adaptive sampling        |     0: 0: 0   |     0: 0: 0   |      0.00   

------------------------------------------------------------------------------
TOTALS
------------------------------------------------------------------------------
 Nr of Frequencies   : 11 

 Process size :    82.25 MB
 User Time    :    0h29m42s
 Elapsed Time :    0h16m 4s

==============================================================================


temporary work directory = C:\Windows\Temp\8830204

==============================================================================
                    ---   STATUS SERVER MESSAGES  ---
==============================================================================
Simulation / Synthesis Messages

Momentum MomEngine 7.0 (*) 2008.200 Nov  3 2007
Simulation Mode: uW
Substrate valid
Mesh generation at 2.8GHz.
WARNING : 
If the geometry contains lines that are within 1 degree of parallel they
will be treated as parallel because the layout resolution is relatively
coarse for this geometry. Please increase the layout resolution if this
causes problems.
Mesh generation finished
S-parameter simulation
WARNING : 
The 2D port solver data is not available for 
thick conductor feedlines, using default values (50 Ohm) 
for the transmission line parameters.
Solver selection: automated choice of direct solver

Status / Summary

------------ Momentum Simulation -----------------

Version: Momentum MomEngine 7.0 (*) 2008.200 Nov  3 2007
Simulation mode: MW
Design: Filtro2_5_Design

Simulation started on : Fri Dec 18 23:11:10 2009

Mesh generation started
Mesh generation finished
S-parameter simulation started
Adaptive frequency sweep started
Simulation frequency [1] = 2.2 GHz
Simulation frequency [2] = 2.8 GHz
Adaptive:   0.0 % of frequency range covered
Simulation frequency [3] = 2.6 GHz
Simulation frequency [4] = 2.4 GHz
Simulation frequency [5] = 2.3 GHz
Simulation frequency [6] = 2.35 GHz
Simulation frequency [7] = 2.7 GHz
Simulation frequency [8] = 2.65 GHz
Simulation frequency [9] = 2.68333 GHz
Simulation frequency [10] = 2.46667 GHz
Simulation frequency [11] = 2.53333 GHz
Adaptive: 100.0 % of frequency range covered
S-parameter simulation finished
Dataset creation started
Dataset creation finished
